Removed Pin From Net: NetName=NetD24_C Pin=U2-1
Removed Pin From Net: NetName=NetC7_1 Pin=U2-5
Removed Pin From Net: NetName=NetC7_2 Pin=U2-6
Removed Pin From Net: NetName=NetD25_C Pin=U2-7
Removed Pin From Net: NetName=NetU1_36 Pin=U2-10
Removed Pin From Net: NetName=NetU1_37 Pin=U2-12
Removed Pin From Net: NetName=NetD18_C Pin=U4-1
Removed Pin From Net: NetName=NetC11_1 Pin=U4-5
Removed Pin From Net: NetName=NetC11_2 Pin=U4-6
Removed Pin From Net: NetName=NetD15_C Pin=U4-7
Removed Pin From Net: NetName=NetU1_31 Pin=U4-10
Removed Pin From Net: NetName=NetU1_33 Pin=U4-12
Added Pin To Net: NetName=NetD18_C Pin=U2-1
Added Pin To Net: NetName=NetC11_1 Pin=U2-5
Added Pin To Net: NetName=NetC11_2 Pin=U2-6
Added Pin To Net: NetName=NetD15_C Pin=U2-7
Added Pin To Net: NetName=NetU1_31 Pin=U2-10
Added Pin To Net: NetName=NetU1_33 Pin=U2-12
Added Pin To Net: NetName=NetD24_C Pin=U4-1
Added Pin To Net: NetName=NetC7_1 Pin=U4-5
Added Pin To Net: NetName=NetC7_2 Pin=U4-6
Added Pin To Net: NetName=NetD25_C Pin=U4-7
Added Pin To Net: NetName=NetU1_36 Pin=U4-10
Added Pin To Net: NetName=NetU1_37 Pin=U4-12
Added Member To Class: ClassName=Connectors Member=Component  M3 Mounting Hole
Added Member To Class: ClassName=Connectors Member=Component  M3 Mounting Hole
Added Member To Class: ClassName=Connectors Member=Component  M3 Mounting Hole
Added Member To Class: ClassName=Connectors Member=Component  M3 Mounting Hole
Added Member To Class: ClassName=Connectors Member=Component  M3 Mounting Hole
Added Member To Class: ClassName=Connectors Member=Component  M3 Mounting Hole
