Removed Pin From Net: NetName=NetJ4_1 Pin=K1-11
Removed Pin From Net: NetName=NetDS3_1 Pin=K1-14
Removed Pin From Net: NetName=NetJ4_1 Pin=K1-21
Removed Pin From Net: NetName=NetDS3_1 Pin=K1-24
Removed Pin From Net: NetName=NetJ4_1 Pin=K3-11
Removed Pin From Net: NetName=+12 Pin=K3-14
Removed Pin From Net: NetName=NetJ4_1 Pin=K3-21
Removed Pin From Net: NetName=+12 Pin=K3-24
Removed Pin From Net: NetName=NetJ4_3 Pin=K5-11
Removed Pin From Net: NetName=GND Pin=K5-14
Removed Pin From Net: NetName=NetJ4_3 Pin=K5-21
Removed Pin From Net: NetName=GND Pin=K5-24
Change Component Designator: OldDesignator= NewDesignator=*
Change Component Designator: OldDesignator= NewDesignator=*1
Change Component Designator: OldDesignator= NewDesignator=*2
Change Component Designator: OldDesignator= NewDesignator=*3
Added Pin To Net: NetName=NetDS3_1 Pin=K1-11
Added Pin To Net: NetName=NetJ4_1 Pin=K1-14
Added Pin To Net: NetName=NetDS3_1 Pin=K1-21
Added Pin To Net: NetName=NetJ4_1 Pin=K1-24
Added Pin To Net: NetName=+12 Pin=K3-11
Added Pin To Net: NetName=NetJ4_1 Pin=K3-14
Added Pin To Net: NetName=+12 Pin=K3-21
Added Pin To Net: NetName=NetJ4_1 Pin=K3-24
Added Pin To Net: NetName=GND Pin=K5-11
Added Pin To Net: NetName=NetJ4_3 Pin=K5-14
Added Pin To Net: NetName=GND Pin=K5-21
Added Pin To Net: NetName=NetJ4_3 Pin=K5-24
Added Member To Class: ClassName=Connectors Member=Component *1 M3 Mounting Hole
Added Member To Class: ClassName=Connectors Member=Component *3 M3 Mounting Hole
Added Member To Class: ClassName=Connectors Member=Component * M3 Mounting Hole
