Change Component Designator: OldDesignator=D30 NewDesignator=D35
Change Component Designator: OldDesignator=D31 NewDesignator=D36
Change Component Designator: OldDesignator=D32 NewDesignator=D37
Change Component Designator: OldDesignator=D33 NewDesignator=D38
Change Component Designator: OldDesignator=K1 NewDesignator=K2
Change Component Designator: OldDesignator=K2 NewDesignator=K3
Change Component Designator: OldDesignator=K3 NewDesignator=K4
Change Component Designator: OldDesignator=K4 NewDesignator=K5
Change Component Designator: OldDesignator=K NewDesignator=K1
Change Component Designator: OldDesignator=U7 NewDesignator=U8
Change Component Designator: OldDesignator=U8 NewDesignator=U7
Added Component: Designator=D30(Common Trhough Hole)
Add component (AddParameter): Name = "Availability"; Value = "In Stock"; VariantName = "[No Variations]"
Add component (AddParameter): Name = "Check_prices"; Value = "https://www.snapeda.com/parts/1N4007/NTE+Electronics/view-part/?ref=eda"; VariantName = "[No Variations]"
Add component (AddParameter): Name = "MF"; Value = "NTE Electronics, Inc."; VariantName = "[No Variations]"
Add component (AddParameter): Name = "MP"; Value = "1N4007"; VariantName = "[No Variations]"
Add component (AddParameter): Name = "Package"; Value = "DO-41 NTE Electronics"; VariantName = "[No Variations]"
Add component (AddParameter): Name = "Price"; Value = "None"; VariantName = "[No Variations]"
Add component (AddParameter): Name = "Purchase-URL"; Value = "https://pricing.snapeda.com/search/part/1N4007/?ref=eda"; VariantName = "[No Variations]"
Add component (AddParameter): Name = "SnapEDA_Link"; Value = "https://www.snapeda.com/parts/1N4007/NTE+Electronics/view-part/?ref=snap"; VariantName = "[No Variations]"
Add component (AddParameter): Name = "Value"; Value = ""; VariantName = "[No Variations]"
Added Component: Designator=D31(Common Trhough Hole)
Add component (AddParameter): Name = "Availability"; Value = "In Stock"; VariantName = "[No Variations]"
Add component (AddParameter): Name = "Check_prices"; Value = "https://www.snapeda.com/parts/1N4007/NTE+Electronics/view-part/?ref=eda"; VariantName = "[No Variations]"
Add component (AddParameter): Name = "MF"; Value = "NTE Electronics, Inc."; VariantName = "[No Variations]"
Add component (AddParameter): Name = "MP"; Value = "1N4007"; VariantName = "[No Variations]"
Add component (AddParameter): Name = "Package"; Value = "DO-41 NTE Electronics"; VariantName = "[No Variations]"
Add component (AddParameter): Name = "Price"; Value = "None"; VariantName = "[No Variations]"
Add component (AddParameter): Name = "Purchase-URL"; Value = "https://pricing.snapeda.com/search/part/1N4007/?ref=eda"; VariantName = "[No Variations]"
Add component (AddParameter): Name = "SnapEDA_Link"; Value = "https://www.snapeda.com/parts/1N4007/NTE+Electronics/view-part/?ref=snap"; VariantName = "[No Variations]"
Add component (AddParameter): Name = "Value"; Value = ""; VariantName = "[No Variations]"
Added Component: Designator=D32(Common Trhough Hole)
Add component (AddParameter): Name = "Availability"; Value = "In Stock"; VariantName = "[No Variations]"
Add component (AddParameter): Name = "Check_prices"; Value = "https://www.snapeda.com/parts/1N4007/NTE+Electronics/view-part/?ref=eda"; VariantName = "[No Variations]"
Add component (AddParameter): Name = "MF"; Value = "NTE Electronics, Inc."; VariantName = "[No Variations]"
Add component (AddParameter): Name = "MP"; Value = "1N4007"; VariantName = "[No Variations]"
Add component (AddParameter): Name = "Package"; Value = "DO-41 NTE Electronics"; VariantName = "[No Variations]"
Add component (AddParameter): Name = "Price"; Value = "None"; VariantName = "[No Variations]"
Add component (AddParameter): Name = "Purchase-URL"; Value = "https://pricing.snapeda.com/search/part/1N4007/?ref=eda"; VariantName = "[No Variations]"
Add component (AddParameter): Name = "SnapEDA_Link"; Value = "https://www.snapeda.com/parts/1N4007/NTE+Electronics/view-part/?ref=snap"; VariantName = "[No Variations]"
Add component (AddParameter): Name = "Value"; Value = ""; VariantName = "[No Variations]"
Added Component: Designator=D33(Common Trhough Hole)
Add component (AddParameter): Name = "Availability"; Value = "In Stock"; VariantName = "[No Variations]"
Add component (AddParameter): Name = "Check_prices"; Value = "https://www.snapeda.com/parts/1N4007/NTE+Electronics/view-part/?ref=eda"; VariantName = "[No Variations]"
Add component (AddParameter): Name = "MF"; Value = "NTE Electronics, Inc."; VariantName = "[No Variations]"
Add component (AddParameter): Name = "MP"; Value = "1N4007"; VariantName = "[No Variations]"
Add component (AddParameter): Name = "Package"; Value = "DO-41 NTE Electronics"; VariantName = "[No Variations]"
Add component (AddParameter): Name = "Price"; Value = "None"; VariantName = "[No Variations]"
Add component (AddParameter): Name = "Purchase-URL"; Value = "https://pricing.snapeda.com/search/part/1N4007/?ref=eda"; VariantName = "[No Variations]"
Add component (AddParameter): Name = "SnapEDA_Link"; Value = "https://www.snapeda.com/parts/1N4007/NTE+Electronics/view-part/?ref=snap"; VariantName = "[No Variations]"
Add component (AddParameter): Name = "Value"; Value = ""; VariantName = "[No Variations]"
Added Component: Designator=D34(Common Trhough Hole)
Add component (AddParameter): Name = "Availability"; Value = "In Stock"; VariantName = "[No Variations]"
Add component (AddParameter): Name = "Check_prices"; Value = "https://www.snapeda.com/parts/1N4007/NTE+Electronics/view-part/?ref=eda"; VariantName = "[No Variations]"
Add component (AddParameter): Name = "MF"; Value = "NTE Electronics, Inc."; VariantName = "[No Variations]"
Add component (AddParameter): Name = "MP"; Value = "1N4007"; VariantName = "[No Variations]"
Add component (AddParameter): Name = "Package"; Value = "DO-41 NTE Electronics"; VariantName = "[No Variations]"
Add component (AddParameter): Name = "Price"; Value = "None"; VariantName = "[No Variations]"
Add component (AddParameter): Name = "Purchase-URL"; Value = "https://pricing.snapeda.com/search/part/1N4007/?ref=eda"; VariantName = "[No Variations]"
Add component (AddParameter): Name = "SnapEDA_Link"; Value = "https://www.snapeda.com/parts/1N4007/NTE+Electronics/view-part/?ref=snap"; VariantName = "[No Variations]"
Add component (AddParameter): Name = "Value"; Value = ""; VariantName = "[No Variations]"
Added Pin To Net: NetName=Coil Power Pin=D30-1
Added Pin To Net: NetName=+24 Pin=D31-1
Added Pin To Net: NetName=Coil Power Pin=D32-1
Added Pin To Net: NetName=+24 Pin=D33-1
Added Pin To Net: NetName=Coil Power Pin=D34-1
Change Net Name : Old Net Name=NetD30_1 New Net Name=NetD35_1
Change Net Name : Old Net Name=NetD30_2 New Net Name=NetD35_2
Change Net Name : Old Net Name=NetD31_1 New Net Name=NetD36_1
Change Net Name : Old Net Name=NetD32_1 New Net Name=NetD37_1
Change Net Name : Old Net Name=NetK2_12 New Net Name=NetK3_12
Change Net Name : Old Net Name=NetK4_12 New Net Name=NetK5_12
Change Net Name : Old Net Name=NetK_12 New Net Name=NetK1_12
Added Pin To Net: NetName=NetD30_2 Pin=D30-2
Added Pin To Net: NetName=NetD30_2 Pin=K1-A2
Added Pin To Net: NetName=NetD30_2 Pin=Q8-1
Added Net: Name=NetD30_2
Added Pin To Net: NetName=NetD31_2 Pin=D31-2
Added Pin To Net: NetName=NetD31_2 Pin=K2-A2
Added Pin To Net: NetName=NetD31_2 Pin=Q9-1
Added Net: Name=NetD31_2
Added Pin To Net: NetName=NetD32_2 Pin=D32-2
Added Pin To Net: NetName=NetD32_2 Pin=K3-A2
Added Pin To Net: NetName=NetD32_2 Pin=Q10-1
Added Net: Name=NetD32_2
Added Pin To Net: NetName=NetD33_2 Pin=D33-2
Added Pin To Net: NetName=NetD33_2 Pin=K4-A2
Added Pin To Net: NetName=NetD33_2 Pin=Q11-1
Added Net: Name=NetD33_2
Added Pin To Net: NetName=NetD34_2 Pin=D34-2
Added Pin To Net: NetName=NetD34_2 Pin=K5-A2
Added Pin To Net: NetName=NetD34_2 Pin=Q12-1
Added Net: Name=NetD34_2
Added Member To Class: ClassName=Bi_Dir_Circuit Member=Component D12 MBR10100
Added Member To Class: ClassName=Bi_Dir_Circuit Member=Component D13 MBR10100
Added Member To Class: ClassName=Bi_Dir_Circuit Member=Component D20 MBR10100
Added Member To Class: ClassName=Bi_Dir_Circuit Member=Component D21 MBR10100
Added Member To Class: ClassName=Bi_Dir_Circuit Member=Component D23 MBR10100
Added Member To Class: ClassName=Bi_Dir_Circuit Member=Component D27 MBR10100
Added Member To Class: ClassName=Power Circuit Member=Component D30 Normal Diode
Added Member To Class: ClassName=Power Circuit Member=Component D31 Normal Diode
Added Member To Class: ClassName=Power Circuit Member=Component D32 Normal Diode
Added Member To Class: ClassName=Power Circuit Member=Component D33 Normal Diode
Added Member To Class: ClassName=Power Circuit Member=Component D34 Normal Diode
