Added Component: Designator=J?(4-POS 2.54mm Header)
Add component (AddParameter): Name = "Availability"; Value = "Unavailable"; VariantName = "[No Variations]"
Add component (AddParameter): Name = "MF"; Value = ""; VariantName = "[No Variations]"
Add component (AddParameter): Name = "MP"; Value = "5-146290-4"; VariantName = "[No Variations]"
Add component (AddParameter): Name = "Package"; Value = "None"; VariantName = "[No Variations]"
Add component (AddParameter): Name = "Price"; Value = "None"; VariantName = "[No Variations]"
Add component (AddParameter): Name = "Value"; Value = ""; VariantName = "[No Variations]"
Added Component: Designator=K1(Relay socket 8pin)
Add component (AddParameter): Name = "Availability"; Value = "Unavailable"; VariantName = "[No Variations]"
Add component (AddParameter): Name = "MF"; Value = "TE Connectivity"; VariantName = "[No Variations]"
Add component (AddParameter): Name = "MP"; Value = "1-1393243-0"; VariantName = "[No Variations]"
Add component (AddParameter): Name = "Package"; Value = "None"; VariantName = "[No Variations]"
Add component (AddParameter): Name = "Price"; Value = "None"; VariantName = "[No Variations]"
Add component (AddParameter): Name = "SnapEDA_Link"; Value = "https://www.snapeda.com/parts/1-1393243-0/TE%20Connectivity%20Potter%20&%20Brumfield%20Relays/view-part/244556/?ref=snap"; VariantName = "[No Variations]"
Add component (AddParameter): Name = "Value"; Value = ""; VariantName = "[No Variations]"
Added Component: Designator=K2(Relay socket 8pin)
Add component (AddParameter): Name = "Availability"; Value = "Unavailable"; VariantName = "[No Variations]"
Add component (AddParameter): Name = "MF"; Value = "TE Connectivity"; VariantName = "[No Variations]"
Add component (AddParameter): Name = "MP"; Value = "1-1393243-0"; VariantName = "[No Variations]"
Add component (AddParameter): Name = "Package"; Value = "None"; VariantName = "[No Variations]"
Add component (AddParameter): Name = "Price"; Value = "None"; VariantName = "[No Variations]"
Add component (AddParameter): Name = "SnapEDA_Link"; Value = "https://www.snapeda.com/parts/1-1393243-0/TE%20Connectivity%20Potter%20&%20Brumfield%20Relays/view-part/244556/?ref=snap"; VariantName = "[No Variations]"
Add component (AddParameter): Name = "Value"; Value = ""; VariantName = "[No Variations]"
Added Component: Designator=K3(Relay socket 8pin)
Add component (AddParameter): Name = "Availability"; Value = "Unavailable"; VariantName = "[No Variations]"
Add component (AddParameter): Name = "MF"; Value = "TE Connectivity"; VariantName = "[No Variations]"
Add component (AddParameter): Name = "MP"; Value = "1-1393243-0"; VariantName = "[No Variations]"
Add component (AddParameter): Name = "Package"; Value = "None"; VariantName = "[No Variations]"
Add component (AddParameter): Name = "Price"; Value = "None"; VariantName = "[No Variations]"
Add component (AddParameter): Name = "SnapEDA_Link"; Value = "https://www.snapeda.com/parts/1-1393243-0/TE%20Connectivity%20Potter%20&%20Brumfield%20Relays/view-part/244556/?ref=snap"; VariantName = "[No Variations]"
Add component (AddParameter): Name = "Value"; Value = ""; VariantName = "[No Variations]"
Added Component: Designator=K4(Relay socket 8pin)
Add component (AddParameter): Name = "Availability"; Value = "Unavailable"; VariantName = "[No Variations]"
Add component (AddParameter): Name = "MF"; Value = "TE Connectivity"; VariantName = "[No Variations]"
Add component (AddParameter): Name = "MP"; Value = "1-1393243-0"; VariantName = "[No Variations]"
Add component (AddParameter): Name = "Package"; Value = "None"; VariantName = "[No Variations]"
Add component (AddParameter): Name = "Price"; Value = "None"; VariantName = "[No Variations]"
Add component (AddParameter): Name = "SnapEDA_Link"; Value = "https://www.snapeda.com/parts/1-1393243-0/TE%20Connectivity%20Potter%20&%20Brumfield%20Relays/view-part/244556/?ref=snap"; VariantName = "[No Variations]"
Add component (AddParameter): Name = "Value"; Value = ""; VariantName = "[No Variations]"
Added Component: Designator=K(Relay socket 8pin)
Add component (AddParameter): Name = "Availability"; Value = "Unavailable"; VariantName = "[No Variations]"
Add component (AddParameter): Name = "MF"; Value = "TE Connectivity"; VariantName = "[No Variations]"
Add component (AddParameter): Name = "MP"; Value = "1-1393243-0"; VariantName = "[No Variations]"
Add component (AddParameter): Name = "Package"; Value = "None"; VariantName = "[No Variations]"
Add component (AddParameter): Name = "Price"; Value = "None"; VariantName = "[No Variations]"
Add component (AddParameter): Name = "SnapEDA_Link"; Value = "https://www.snapeda.com/parts/1-1393243-0/TE%20Connectivity%20Potter%20&%20Brumfield%20Relays/view-part/244556/?ref=snap"; VariantName = "[No Variations]"
Add component (AddParameter): Name = "Value"; Value = ""; VariantName = "[No Variations]"
Add Component: Footprint Not Found MCP2562-E/SN
Add Pin To Net: Unknown Pin: Pin D12-2
Add Pin To Net: Unknown Pin: Pin D13-2
Add Pin To Net: Unknown Pin: Pin D20-2
Add Pin To Net: Unknown Pin: Pin D21-2
Add Pin To Net: Unknown Pin: Pin D23-2
Add Pin To Net: Unknown Pin: Pin D27-2
Added Pin To Net: NetName=GND Pin=J?-4
Added Pin To Net: NetName=NetD28_2 Pin=K1-11
Added Pin To Net: NetName=+24 Pin=K1-14
Added Pin To Net: NetName=+24 Pin=K1-A1
Added Pin To Net: NetName=NetK1_A2 Pin=K1-A2
Added Pin To Net: NetName=NetJ4_1 Pin=K2-11
Added Pin To Net: NetName=NetK2_12 Pin=K2-12
Added Pin To Net: NetName=+12 Pin=K2-14
Added Pin To Net: NetName=NetJ4_1 Pin=K2-21
Added Pin To Net: NetName=NetK2_12 Pin=K2-22
Added Pin To Net: NetName=+12 Pin=K2-24
Added Pin To Net: NetName=Coil Power Pin=K2-A1
Added Pin To Net: NetName=NetK2_A2 Pin=K2-A2
Added Pin To Net: NetName=NetD30_1 Pin=K3-11
Added Pin To Net: NetName=NetC9_1 Pin=K3-14
Added Pin To Net: NetName=NetD32_1 Pin=K3-21
Added Pin To Net: NetName=NetC11_1 Pin=K3-24
Added Pin To Net: NetName=+24 Pin=K3-A1
Added Pin To Net: NetName=NetK3_A2 Pin=K3-A2
Added Pin To Net: NetName=NetJ4_3 Pin=K4-11
Added Pin To Net: NetName=NetK4_12 Pin=K4-12
Added Pin To Net: NetName=GND Pin=K4-14
Added Pin To Net: NetName=NetJ4_3 Pin=K4-21
Added Pin To Net: NetName=NetK4_12 Pin=K4-22
Added Pin To Net: NetName=GND Pin=K4-24
Added Pin To Net: NetName=Coil Power Pin=K4-A1
Added Pin To Net: NetName=NetK4_A2 Pin=K4-A2
Added Pin To Net: NetName=NetJ4_1 Pin=K-11
Added Pin To Net: NetName=NetK_12 Pin=K-12
Added Pin To Net: NetName=NetDS3_1 Pin=K-14
Added Pin To Net: NetName=NetJ4_1 Pin=K-21
Added Pin To Net: NetName=NetK_12 Pin=K-22
Added Pin To Net: NetName=NetDS3_1 Pin=K-24
Added Pin To Net: NetName=Coil Power Pin=K-A1
Added Pin To Net: NetName=NetK_A2 Pin=K-A2
Add Pin To Net: Unknown Pin: Pin U-1
Add Pin To Net: Unknown Pin: Pin U-2
Add Pin To Net: Unknown Pin: Pin U-3
Add Pin To Net: Unknown Pin: Pin U-4
Add Pin To Net: Unknown Pin: Pin U-5
Add Pin To Net: Unknown Pin: Pin U-6
Add Pin To Net: Unknown Pin: Pin U-7
Add Pin To Net: Unknown Pin: Pin U-8
Added Pin To Net: NetName=NetJ?_2 Pin=J?-2
Added Pin To Net: NetName=NetJ?_2 Pin=U1-30
Added Net: Name=NetJ?_2
Added Pin To Net: NetName=NetJ?_3 Pin=J?-3
Added Pin To Net: NetName=NetJ?_3 Pin=U1-15
Added Net: Name=NetJ?_3
Add Class Member: Failed to add class member : Component *1 TitleBlock
Added Member To Class: ClassName=Connectors Member=Component J? 4-POS 2.54mm Header
Added Member To Class: ClassName=Power Circuit Member=Component K1 relay 8pin
Added Member To Class: ClassName=Power Circuit Member=Component K2 relay 8pin
Added Member To Class: ClassName=Power Circuit Member=Component K3 relay 8pin
Added Member To Class: ClassName=Power Circuit Member=Component K4 relay 8pin
Added Member To Class: ClassName=Power Circuit Member=Component K relay 8pin
Add Class Member: Failed to add class member : Component U MCP2562-E/SN
