Removed Pin From Net: NetName=+12 Pin=J2-4
Removed Pin From Net: NetName=+3.3 Pin=J7-2
Removed Pin From Net: NetName=GND Pin=J7-4
Removed Pin From Net: NetName=+3.3 Pin=J8-2
Removed Pin From Net: NetName=GND Pin=J8-4
Removed Pin From Net: NetName=+5 Pin=J10-1
Removed Pin From Net: NetName=+24 Pin=J10-2
Removed Pin From Net: NetName=NetC5_P Pin=J10-3
Removed Pin From Net: NetName=GND Pin=J10-4
Removed Pin From Net: NetName=+5 Pin=J11-1
Removed Pin From Net: NetName=+24 Pin=J11-2
Removed Pin From Net: NetName=NetC5_P Pin=J11-3
Removed Pin From Net: NetName=GND Pin=J11-4
Removed Pin From Net: NetName=NetJ3_3 Pin=R4-2
Removed Pin From Net: NetName=NetJ2_1 Pin=R9-1
Removed Pin From Net: NetName=NetJ2_3 Pin=R10-2
Removed Pin From Net: NetName=NetJ3_1 Pin=U1-5
Removed Pin From Net: NetName=NetJ7_3 Pin=U1-31
Removed Pin From Net: NetName=NetJ7_1 Pin=U1-33
Added Pin To Net: NetName=+12 Pin=J2-2
Added Pin To Net: NetName=GND Pin=J7-2
Added Pin To Net: NetName=+3.3 Pin=J7-4
Added Pin To Net: NetName=GND Pin=J8-2
Added Pin To Net: NetName=+3.3 Pin=J8-4
Added Pin To Net: NetName=NetC5_P Pin=J10-1
Added Pin To Net: NetName=GND Pin=J10-2
Added Pin To Net: NetName=+5 Pin=J10-3
Added Pin To Net: NetName=+24 Pin=J10-4
Added Pin To Net: NetName=NetC5_P Pin=J11-1
Added Pin To Net: NetName=GND Pin=J11-2
Added Pin To Net: NetName=+5 Pin=J11-3
Added Pin To Net: NetName=+24 Pin=J11-4
Added Pin To Net: NetName=NetJ3_1 Pin=R4-2
Added Pin To Net: NetName=NetJ2_3 Pin=R9-1
Added Pin To Net: NetName=NetJ2_1 Pin=R10-2
Added Pin To Net: NetName=NetJ3_3 Pin=U1-5
Added Pin To Net: NetName=NetJ7_1 Pin=U1-31
Added Pin To Net: NetName=NetJ7_3 Pin=U1-33
Added Pin To Net: NetName=NetJ2_4 Pin=J2-4
Added Pin To Net: NetName=NetJ2_4 Pin=R3-2
Added Net: Name=NetJ2_4
Added Pin To Net: NetName=NetJ3_4 Pin=J3-4
Added Pin To Net: NetName=NetJ3_4 Pin=U1-10
Added Net: Name=NetJ3_4
Added Pin To Net: NetName=NetU1_36 Pin=U1-36
Added Net: Name=NetU1_36
Added Pin To Net: NetName=NetU1_37 Pin=U1-37
Added Net: Name=NetU1_37
Added Member To Class: ClassName=Connectors Member=Component  M3 Mounting Hole
Added Member To Class: ClassName=Connectors Member=Component  M3 Mounting Hole
Added Member To Class: ClassName=Connectors Member=Component  M3 Mounting Hole
Added Member To Class: ClassName=Connectors Member=Component  M3 Mounting Hole
Added Member To Class: ClassName=Connectors Member=Component  M3 Mounting Hole
Added Member To Class: ClassName=Connectors Member=Component  M3 Mounting Hole
